<?xml version="1.0" encoding="UTF-8"?>
<coverage generated="1750510552373" clover="3.2.0">
  <project timestamp="1750510552373" name="All files">
    <metrics statements="84" coveredstatements="75" conditionals="51" coveredconditionals="43" methods="22" coveredmethods="18" elements="157" coveredelements="136" complexity="0" loc="84" ncloc="84" packages="1" files="1" classes="1"/>
    <file name="index.ts" path="C:\workspace\advance-http-client\src\index.ts">
      <metrics statements="84" coveredstatements="75" conditionals="51" coveredconditionals="43" methods="22" coveredmethods="18"/>
      <line num="47" count="1" type="stmt"/>
      <line num="56" count="1" type="stmt"/>
      <line num="63" count="1" type="stmt"/>
      <line num="64" count="1" type="stmt"/>
      <line num="70" count="26" type="stmt"/>
      <line num="71" count="26" type="cond" truecount="2" falsecount="0"/>
      <line num="72" count="26" type="cond" truecount="2" falsecount="0"/>
      <line num="73" count="26" type="stmt"/>
      <line num="80" count="6" type="stmt"/>
      <line num="98" count="18" type="stmt"/>
      <line num="102" count="27" type="stmt"/>
      <line num="103" count="27" type="cond" truecount="1" falsecount="1"/>
      <line num="105" count="27" type="cond" truecount="4" falsecount="0"/>
      <line num="106" count="25" type="stmt"/>
      <line num="107" count="2" type="cond" truecount="4" falsecount="0"/>
      <line num="108" count="1" type="stmt"/>
      <line num="109" count="1" type="cond" truecount="3" falsecount="1"/>
      <line num="110" count="0" type="stmt"/>
      <line num="111" count="1" type="cond" truecount="3" falsecount="1"/>
      <line num="112" count="0" type="stmt"/>
      <line num="113" count="1" type="cond" truecount="3" falsecount="1"/>
      <line num="114" count="0" type="stmt"/>
      <line num="116" count="1" type="stmt"/>
      <line num="118" count="27" type="stmt"/>
      <line num="122" count="35" type="cond" truecount="1" falsecount="0"/>
      <line num="123" count="4" type="stmt"/>
      <line num="126" count="4" type="cond" truecount="1" falsecount="0"/>
      <line num="127" count="1" type="stmt"/>
      <line num="129" count="1" type="stmt"/>
      <line num="130" count="2" type="cond" truecount="2" falsecount="0"/>
      <line num="131" count="1" type="stmt"/>
      <line num="132" count="1" type="cond" truecount="1" falsecount="0"/>
      <line num="133" count="1" type="stmt"/>
      <line num="139" count="4" type="cond" truecount="1" falsecount="0"/>
      <line num="140" count="4" type="cond" truecount="1" falsecount="1"/>
      <line num="141" count="0" type="stmt"/>
      <line num="142" count="4" type="cond" truecount="1" falsecount="1"/>
      <line num="143" count="0" type="stmt"/>
      <line num="145" count="4" type="stmt"/>
      <line num="149" count="4" type="stmt"/>
      <line num="156" count="31" type="stmt"/>
      <line num="164" count="31" type="stmt"/>
      <line num="165" count="3" type="cond" truecount="1" falsecount="0"/>
      <line num="169" count="31" type="cond" truecount="1" falsecount="0"/>
      <line num="170" count="23" type="stmt"/>
      <line num="173" count="31" type="stmt"/>
      <line num="181" count="0" type="stmt"/>
      <line num="182" count="0" type="stmt"/>
      <line num="183" count="0" type="stmt"/>
      <line num="185" count="0" type="stmt"/>
      <line num="189" count="27" type="cond" truecount="3" falsecount="0"/>
      <line num="190" count="8" type="stmt"/>
      <line num="192" count="19" type="stmt"/>
      <line num="199" count="28" type="cond" truecount="1" falsecount="0"/>
      <line num="200" count="1" type="stmt"/>
      <line num="205" count="27" type="stmt"/>
      <line num="206" count="27" type="stmt"/>
      <line num="207" count="27" type="stmt"/>
      <line num="208" count="27" type="stmt"/>
      <line num="209" count="27" type="stmt"/>
      <line num="211" count="27" type="stmt"/>
      <line num="212" count="345" type="stmt"/>
      <line num="215" count="27" type="stmt"/>
      <line num="229" count="27" type="cond" truecount="1" falsecount="0"/>
      <line num="230" count="3" type="stmt"/>
      <line num="233" count="3" type="stmt"/>
      <line num="234" count="3" type="stmt"/>
      <line num="237" count="24" type="stmt"/>
      <line num="244" count="18" type="stmt"/>
      <line num="253" count="8" type="stmt"/>
      <line num="254" count="8" type="stmt"/>
      <line num="256" count="8" type="cond" truecount="1" falsecount="0"/>
      <line num="257" count="6" type="stmt"/>
      <line num="258" count="6" type="cond" truecount="1" falsecount="0"/>
      <line num="259" count="6" type="stmt"/>
      <line num="263" count="8" type="stmt"/>
      <line num="271" count="3" type="stmt"/>
      <line num="279" count="2" type="stmt"/>
      <line num="287" count="3" type="stmt"/>
      <line num="295" count="5" type="stmt"/>
      <line num="303" count="1" type="stmt"/>
      <line num="311" count="1" type="stmt"/>
      <line num="319" count="1" type="stmt"/>
      <line num="324" count="1" type="stmt"/>
    </file>
  </project>
</coverage>
