{"C:\\workspace\\advance-http-client\\src\\index.ts": {"path":"C:\\workspace\\advance-http-client\\src\\index.ts","statementMap":{"0":{"start":{"line":47,"column":22},"end":{"line":53,"column":11}},"1":{"start":{"line":56,"column":21},"end":{"line":61,"column":11}},"2":{"start":{"line":70,"column":4},"end":{"line":70,"column":35}},"3":{"start":{"line":71,"column":4},"end":{"line":71,"column":58}},"4":{"start":{"line":72,"column":62},"end":{"line":72,"column":74}},"5":{"start":{"line":73,"column":4},"end":{"line":73,"column":32}},"6":{"start":{"line":80,"column":4},"end":{"line":80,"column":36}},"7":{"start":{"line":98,"column":4},"end":{"line":98,"column":34}},"8":{"start":{"line":102,"column":24},"end":{"line":102,"column":33}},"9":{"start":{"line":103,"column":32},"end":{"line":103,"column":74}},"10":{"start":{"line":105,"column":4},"end":{"line":117,"column":5}},"11":{"start":{"line":106,"column":6},"end":{"line":106,"column":35}},"12":{"start":{"line":107,"column":11},"end":{"line":117,"column":5}},"13":{"start":{"line":108,"column":6},"end":{"line":108,"column":35}},"14":{"start":{"line":109,"column":11},"end":{"line":117,"column":5}},"15":{"start":{"line":110,"column":6},"end":{"line":110,"column":39}},"16":{"start":{"line":111,"column":11},"end":{"line":117,"column":5}},"17":{"start":{"line":112,"column":6},"end":{"line":112,"column":35}},"18":{"start":{"line":113,"column":11},"end":{"line":117,"column":5}},"19":{"start":{"line":114,"column":6},"end":{"line":114,"column":42}},"20":{"start":{"line":116,"column":6},"end":{"line":116,"column":35}},"21":{"start":{"line":118,"column":4},"end":{"line":118,"column":16}},"22":{"start":{"line":122,"column":4},"end":{"line":153,"column":5}},"23":{"start":{"line":123,"column":46},"end":{"line":123,"column":48}},"24":{"start":{"line":126,"column":6},"end":{"line":136,"column":7}},"25":{"start":{"line":127,"column":24},"end":{"line":127,"column":46}},"26":{"start":{"line":129,"column":8},"end":{"line":135,"column":9}},"27":{"start":{"line":130,"column":10},"end":{"line":134,"column":11}},"28":{"start":{"line":131,"column":12},"end":{"line":131,"column":53}},"29":{"start":{"line":132,"column":17},"end":{"line":134,"column":11}},"30":{"start":{"line":133,"column":12},"end":{"line":133,"column":57}},"31":{"start":{"line":139,"column":6},"end":{"line":147,"column":7}},"32":{"start":{"line":140,"column":8},"end":{"line":146,"column":9}},"33":{"start":{"line":141,"column":10},"end":{"line":141,"column":62}},"34":{"start":{"line":141,"column":45},"end":{"line":141,"column":59}},"35":{"start":{"line":142,"column":15},"end":{"line":146,"column":9}},"36":{"start":{"line":143,"column":10},"end":{"line":143,"column":64}},"37":{"start":{"line":143,"column":47},"end":{"line":143,"column":61}},"38":{"start":{"line":145,"column":10},"end":{"line":145,"column":50}},"39":{"start":{"line":149,"column":6},"end":{"line":152,"column":8}},"40":{"start":{"line":156,"column":50},"end":{"line":161,"column":6}},"41":{"start":{"line":164,"column":4},"end":{"line":166,"column":7}},"42":{"start":{"line":165,"column":6},"end":{"line":165,"column":54}},"43":{"start":{"line":165,"column":33},"end":{"line":165,"column":54}},"44":{"start":{"line":169,"column":4},"end":{"line":171,"column":5}},"45":{"start":{"line":170,"column":6},"end":{"line":170,"column":51}},"46":{"start":{"line":173,"column":4},"end":{"line":177,"column":6}},"47":{"start":{"line":181,"column":40},"end":{"line":181,"column":42}},"48":{"start":{"line":182,"column":4},"end":{"line":184,"column":7}},"49":{"start":{"line":183,"column":6},"end":{"line":183,"column":17}},"50":{"start":{"line":185,"column":4},"end":{"line":185,"column":15}},"51":{"start":{"line":189,"column":4},"end":{"line":191,"column":5}},"52":{"start":{"line":190,"column":6},"end":{"line":190,"column":76}},"53":{"start":{"line":192,"column":4},"end":{"line":192,"column":15}},"54":{"start":{"line":199,"column":4},"end":{"line":203,"column":5}},"55":{"start":{"line":200,"column":6},"end":{"line":202,"column":8}},"56":{"start":{"line":205,"column":25},"end":{"line":205,"column":73}},"57":{"start":{"line":206,"column":20},"end":{"line":206,"column":38}},"58":{"start":{"line":207,"column":21},"end":{"line":207,"column":55}},"59":{"start":{"line":208,"column":17},"end":{"line":208,"column":61}},"60":{"start":{"line":209,"column":44},"end":{"line":209,"column":46}},"61":{"start":{"line":211,"column":4},"end":{"line":213,"column":7}},"62":{"start":{"line":212,"column":6},"end":{"line":212,"column":27}},"63":{"start":{"line":215,"column":42},"end":{"line":227,"column":6}},"64":{"start":{"line":229,"column":4},"end":{"line":235,"column":5}},"65":{"start":{"line":230,"column":20},"end":{"line":231,"column":null}},"66":{"start":{"line":233,"column":6},"end":{"line":233,"column":30}},"67":{"start":{"line":234,"column":6},"end":{"line":234,"column":18}},"68":{"start":{"line":237,"column":4},"end":{"line":237,"column":18}},"69":{"start":{"line":244,"column":4},"end":{"line":244,"column":74}},"70":{"start":{"line":253,"column":17},"end":{"line":253,"column":65}},"71":{"start":{"line":254,"column":4},"end":{"line":254,"column":25}},"72":{"start":{"line":256,"column":4},"end":{"line":261,"column":5}},"73":{"start":{"line":257,"column":6},"end":{"line":257,"column":39}},"74":{"start":{"line":258,"column":6},"end":{"line":260,"column":7}},"75":{"start":{"line":259,"column":8},"end":{"line":259,"column":58}},"76":{"start":{"line":263,"column":4},"end":{"line":263,"column":38}},"77":{"start":{"line":271,"column":4},"end":{"line":271,"column":74}},"78":{"start":{"line":279,"column":4},"end":{"line":279,"column":75}},"79":{"start":{"line":287,"column":4},"end":{"line":287,"column":76}},"80":{"start":{"line":295,"column":4},"end":{"line":295,"column":49}},"81":{"start":{"line":303,"column":4},"end":{"line":303,"column":56}},"82":{"start":{"line":311,"column":4},"end":{"line":311,"column":57}},"83":{"start":{"line":319,"column":4},"end":{"line":319,"column":58}},"84":{"start":{"line":63,"column":0},"end":{"line":63,"column":13}},"85":{"start":{"line":64,"column":17},"end":{"line":64,"column":60}},"86":{"start":{"line":324,"column":0},"end":{"line":324,"column":26}}},"fnMap":{"0":{"name":"(anonymous_0)","decl":{"start":{"line":69,"column":2},"end":{"line":69,"column":14}},"loc":{"start":{"line":69,"column":39},"end":{"line":74,"column":3}}},"1":{"name":"(anonymous_1)","decl":{"start":{"line":79,"column":2},"end":{"line":79,"column":8}},"loc":{"start":{"line":79,"column":45},"end":{"line":81,"column":3}}},"2":{"name":"(anonymous_2)","decl":{"start":{"line":97,"column":2},"end":{"line":97,"column":8}},"loc":{"start":{"line":97,"column":41},"end":{"line":99,"column":3}}},"3":{"name":"(anonymous_3)","decl":{"start":{"line":101,"column":10},"end":{"line":101,"column":16}},"loc":{"start":{"line":101,"column":59},"end":{"line":119,"column":3}}},"4":{"name":"(anonymous_4)","decl":{"start":{"line":121,"column":10},"end":{"line":121,"column":21}},"loc":{"start":{"line":121,"column":51},"end":{"line":178,"column":3}}},"5":{"name":"(anonymous_5)","decl":{"start":{"line":141,"column":34},"end":{"line":141,"column":35}},"loc":{"start":{"line":141,"column":45},"end":{"line":141,"column":59}}},"6":{"name":"(anonymous_6)","decl":{"start":{"line":143,"column":34},"end":{"line":143,"column":35}},"loc":{"start":{"line":143,"column":47},"end":{"line":143,"column":61}}},"7":{"name":"(anonymous_7)","decl":{"start":{"line":164,"column":53},"end":{"line":164,"column":54}},"loc":{"start":{"line":164,"column":64},"end":{"line":166,"column":5}}},"8":{"name":"(anonymous_8)","decl":{"start":{"line":180,"column":10},"end":{"line":180,"column":32}},"loc":{"start":{"line":180,"column":49},"end":{"line":186,"column":3}}},"9":{"name":"(anonymous_9)","decl":{"start":{"line":182,"column":20},"end":{"line":182,"column":21}},"loc":{"start":{"line":182,"column":29},"end":{"line":184,"column":5}}},"10":{"name":"(anonymous_10)","decl":{"start":{"line":188,"column":10},"end":{"line":188,"column":18}},"loc":{"start":{"line":188,"column":30},"end":{"line":193,"column":3}}},"11":{"name":"(anonymous_11)","decl":{"start":{"line":195,"column":2},"end":{"line":195,"column":7}},"loc":{"start":{"line":197,"column":25},"end":{"line":238,"column":3}}},"12":{"name":"(anonymous_12)","decl":{"start":{"line":211,"column":29},"end":{"line":211,"column":30}},"loc":{"start":{"line":211,"column":44},"end":{"line":213,"column":5}}},"13":{"name":"(anonymous_13)","decl":{"start":{"line":240,"column":2},"end":{"line":240,"column":7}},"loc":{"start":{"line":242,"column":25},"end":{"line":245,"column":3}}},"14":{"name":"(anonymous_14)","decl":{"start":{"line":247,"column":10},"end":{"line":247,"column":15}},"loc":{"start":{"line":251,"column":25},"end":{"line":264,"column":3}}},"15":{"name":"(anonymous_15)","decl":{"start":{"line":266,"column":2},"end":{"line":266,"column":7}},"loc":{"start":{"line":269,"column":25},"end":{"line":272,"column":3}}},"16":{"name":"(anonymous_16)","decl":{"start":{"line":274,"column":2},"end":{"line":274,"column":7}},"loc":{"start":{"line":277,"column":25},"end":{"line":280,"column":3}}},"17":{"name":"(anonymous_17)","decl":{"start":{"line":282,"column":2},"end":{"line":282,"column":7}},"loc":{"start":{"line":285,"column":25},"end":{"line":288,"column":3}}},"18":{"name":"(anonymous_18)","decl":{"start":{"line":291,"column":2},"end":{"line":291,"column":8}},"loc":{"start":{"line":293,"column":25},"end":{"line":296,"column":3}}},"19":{"name":"(anonymous_19)","decl":{"start":{"line":298,"column":2},"end":{"line":298,"column":8}},"loc":{"start":{"line":301,"column":25},"end":{"line":304,"column":3}}},"20":{"name":"(anonymous_20)","decl":{"start":{"line":306,"column":2},"end":{"line":306,"column":8}},"loc":{"start":{"line":309,"column":25},"end":{"line":312,"column":3}}},"21":{"name":"(anonymous_21)","decl":{"start":{"line":314,"column":2},"end":{"line":314,"column":8}},"loc":{"start":{"line":317,"column":25},"end":{"line":320,"column":3}}}},"branchMap":{"0":{"loc":{"start":{"line":71,"column":33},"end":{"line":71,"column":54}},"type":"binary-expr","locations":[{"start":{"line":71,"column":33},"end":{"line":71,"column":48}},{"start":{"line":71,"column":52},"end":{"line":71,"column":54}}]},"1":{"loc":{"start":{"line":72,"column":62},"end":{"line":72,"column":74}},"type":"binary-expr","locations":[{"start":{"line":72,"column":62},"end":{"line":72,"column":68}},{"start":{"line":72,"column":72},"end":{"line":72,"column":74}}]},"2":{"loc":{"start":{"line":103,"column":32},"end":{"line":103,"column":74}},"type":"binary-expr","locations":[{"start":{"line":103,"column":32},"end":{"line":103,"column":68}},{"start":{"line":103,"column":72},"end":{"line":103,"column":74}}]},"3":{"loc":{"start":{"line":105,"column":4},"end":{"line":117,"column":5}},"type":"if","locations":[{"start":{"line":105,"column":4},"end":{"line":117,"column":5}},{"start":{"line":107,"column":11},"end":{"line":117,"column":5}}]},"4":{"loc":{"start":{"line":105,"column":8},"end":{"line":105,"column":69}},"type":"binary-expr","locations":[{"start":{"line":105,"column":8},"end":{"line":105,"column":19}},{"start":{"line":105,"column":23},"end":{"line":105,"column":69}}]},"5":{"loc":{"start":{"line":107,"column":11},"end":{"line":117,"column":5}},"type":"if","locations":[{"start":{"line":107,"column":11},"end":{"line":117,"column":5}},{"start":{"line":109,"column":11},"end":{"line":117,"column":5}}]},"6":{"loc":{"start":{"line":107,"column":15},"end":{"line":107,"column":76}},"type":"binary-expr","locations":[{"start":{"line":107,"column":15},"end":{"line":107,"column":26}},{"start":{"line":107,"column":30},"end":{"line":107,"column":76}}]},"7":{"loc":{"start":{"line":109,"column":11},"end":{"line":117,"column":5}},"type":"if","locations":[{"start":{"line":109,"column":11},"end":{"line":117,"column":5}},{"start":{"line":111,"column":11},"end":{"line":117,"column":5}}]},"8":{"loc":{"start":{"line":109,"column":15},"end":{"line":109,"column":76}},"type":"binary-expr","locations":[{"start":{"line":109,"column":15},"end":{"line":109,"column":26}},{"start":{"line":109,"column":30},"end":{"line":109,"column":76}}]},"9":{"loc":{"start":{"line":111,"column":11},"end":{"line":117,"column":5}},"type":"if","locations":[{"start":{"line":111,"column":11},"end":{"line":117,"column":5}},{"start":{"line":113,"column":11},"end":{"line":117,"column":5}}]},"10":{"loc":{"start":{"line":111,"column":15},"end":{"line":111,"column":76}},"type":"binary-expr","locations":[{"start":{"line":111,"column":15},"end":{"line":111,"column":26}},{"start":{"line":111,"column":30},"end":{"line":111,"column":76}}]},"11":{"loc":{"start":{"line":113,"column":11},"end":{"line":117,"column":5}},"type":"if","locations":[{"start":{"line":113,"column":11},"end":{"line":117,"column":5}},{"start":{"line":115,"column":11},"end":{"line":117,"column":5}}]},"12":{"loc":{"start":{"line":113,"column":15},"end":{"line":113,"column":84}},"type":"binary-expr","locations":[{"start":{"line":113,"column":15},"end":{"line":113,"column":26}},{"start":{"line":113,"column":30},"end":{"line":113,"column":84}}]},"13":{"loc":{"start":{"line":122,"column":4},"end":{"line":153,"column":5}},"type":"if","locations":[{"start":{"line":122,"column":4},"end":{"line":153,"column":5}}]},"14":{"loc":{"start":{"line":126,"column":6},"end":{"line":136,"column":7}},"type":"if","locations":[{"start":{"line":126,"column":6},"end":{"line":136,"column":7}}]},"15":{"loc":{"start":{"line":130,"column":10},"end":{"line":134,"column":11}},"type":"if","locations":[{"start":{"line":130,"column":10},"end":{"line":134,"column":11}},{"start":{"line":132,"column":17},"end":{"line":134,"column":11}}]},"16":{"loc":{"start":{"line":132,"column":17},"end":{"line":134,"column":11}},"type":"if","locations":[{"start":{"line":132,"column":17},"end":{"line":134,"column":11}}]},"17":{"loc":{"start":{"line":139,"column":6},"end":{"line":147,"column":7}},"type":"if","locations":[{"start":{"line":139,"column":6},"end":{"line":147,"column":7}}]},"18":{"loc":{"start":{"line":140,"column":8},"end":{"line":146,"column":9}},"type":"if","locations":[{"start":{"line":140,"column":8},"end":{"line":146,"column":9}},{"start":{"line":142,"column":15},"end":{"line":146,"column":9}}]},"19":{"loc":{"start":{"line":142,"column":15},"end":{"line":146,"column":9}},"type":"if","locations":[{"start":{"line":142,"column":15},"end":{"line":146,"column":9}},{"start":{"line":144,"column":15},"end":{"line":146,"column":9}}]},"20":{"loc":{"start":{"line":158,"column":10},"end":{"line":160,"column":60}},"type":"cond-expr","locations":[{"start":{"line":159,"column":10},"end":{"line":159,"column":54}},{"start":{"line":160,"column":11},"end":{"line":160,"column":60}}]},"21":{"loc":{"start":{"line":160,"column":11},"end":{"line":160,"column":60}},"type":"binary-expr","locations":[{"start":{"line":160,"column":11},"end":{"line":160,"column":54}},{"start":{"line":160,"column":58},"end":{"line":160,"column":60}}]},"22":{"loc":{"start":{"line":165,"column":6},"end":{"line":165,"column":54}},"type":"if","locations":[{"start":{"line":165,"column":6},"end":{"line":165,"column":54}}]},"23":{"loc":{"start":{"line":169,"column":4},"end":{"line":171,"column":5}},"type":"if","locations":[{"start":{"line":169,"column":4},"end":{"line":171,"column":5}}]},"24":{"loc":{"start":{"line":189,"column":4},"end":{"line":191,"column":5}},"type":"if","locations":[{"start":{"line":189,"column":4},"end":{"line":191,"column":5}}]},"25":{"loc":{"start":{"line":189,"column":8},"end":{"line":189,"column":50}},"type":"binary-expr","locations":[{"start":{"line":189,"column":8},"end":{"line":189,"column":20}},{"start":{"line":189,"column":24},"end":{"line":189,"column":50}}]},"26":{"loc":{"start":{"line":199,"column":4},"end":{"line":203,"column":5}},"type":"if","locations":[{"start":{"line":199,"column":4},"end":{"line":203,"column":5}}]},"27":{"loc":{"start":{"line":223,"column":16},"end":{"line":223,"column":56}},"type":"binary-expr","locations":[{"start":{"line":223,"column":16},"end":{"line":223,"column":36}},{"start":{"line":223,"column":40},"end":{"line":223,"column":56}}]},"28":{"loc":{"start":{"line":229,"column":4},"end":{"line":235,"column":5}},"type":"if","locations":[{"start":{"line":229,"column":4},"end":{"line":235,"column":5}}]},"29":{"loc":{"start":{"line":256,"column":4},"end":{"line":261,"column":5}},"type":"if","locations":[{"start":{"line":256,"column":4},"end":{"line":261,"column":5}}]},"30":{"loc":{"start":{"line":258,"column":6},"end":{"line":260,"column":7}},"type":"if","locations":[{"start":{"line":258,"column":6},"end":{"line":260,"column":7}}]}},"s":{"0":1,"1":1,"2":26,"3":26,"4":26,"5":26,"6":6,"7":18,"8":27,"9":27,"10":27,"11":25,"12":2,"13":1,"14":1,"15":0,"16":1,"17":0,"18":1,"19":0,"20":1,"21":27,"22":35,"23":4,"24":4,"25":1,"26":1,"27":2,"28":1,"29":1,"30":1,"31":4,"32":4,"33":0,"34":0,"35":4,"36":0,"37":0,"38":4,"39":4,"40":31,"41":31,"42":3,"43":3,"44":31,"45":23,"46":31,"47":0,"48":0,"49":0,"50":0,"51":27,"52":8,"53":19,"54":28,"55":1,"56":27,"57":27,"58":27,"59":27,"60":27,"61":27,"62":345,"63":27,"64":27,"65":3,"66":3,"67":3,"68":24,"69":18,"70":8,"71":8,"72":8,"73":6,"74":6,"75":6,"76":8,"77":3,"78":2,"79":3,"80":5,"81":1,"82":1,"83":1,"84":1,"85":1,"86":1},"f":{"0":26,"1":6,"2":18,"3":27,"4":35,"5":0,"6":0,"7":3,"8":0,"9":0,"10":27,"11":28,"12":345,"13":18,"14":8,"15":3,"16":2,"17":3,"18":5,"19":1,"20":1,"21":1},"b":{"0":[26,22],"1":[26,14],"2":[27,0],"3":[25,2],"4":[27,27],"5":[1,1],"6":[2,2],"7":[0,1],"8":[1,1],"9":[0,1],"10":[1,1],"11":[0,1],"12":[1,1],"13":[4],"14":[1],"15":[1,1],"16":[1],"17":[4],"18":[0,4],"19":[0,4],"20":[0,31],"21":[31,22],"22":[3],"23":[23],"24":[8],"25":[27,10],"26":[1],"27":[27,0],"28":[3],"29":[6],"30":[6]}}
}
