TN:
SF:src\index.ts
FN:69,(anonymous_0)
FN:79,(anonymous_1)
FN:97,(anonymous_2)
FN:101,(anonymous_3)
FN:121,(anonymous_4)
FN:141,(anonymous_5)
FN:143,(anonymous_6)
FN:164,(anonymous_7)
FN:180,(anonymous_8)
FN:182,(anonymous_9)
FN:188,(anonymous_10)
FN:195,(anonymous_11)
FN:211,(anonymous_12)
FN:240,(anonymous_13)
FN:247,(anonymous_14)
FN:266,(anonymous_15)
FN:274,(anonymous_16)
FN:282,(anonymous_17)
FN:291,(anonymous_18)
FN:298,(anonymous_19)
FN:306,(anonymous_20)
FN:314,(anonymous_21)
FNF:22
FNH:18
FNDA:26,(anonymous_0)
FNDA:6,(anonymous_1)
FNDA:18,(anonymous_2)
FNDA:27,(anonymous_3)
FNDA:35,(anonymous_4)
FNDA:0,(anonymous_5)
FNDA:0,(anonymous_6)
FNDA:3,(anonymous_7)
FNDA:0,(anonymous_8)
FNDA:0,(anonymous_9)
FNDA:27,(anonymous_10)
FNDA:28,(anonymous_11)
FNDA:345,(anonymous_12)
FNDA:18,(anonymous_13)
FNDA:8,(anonymous_14)
FNDA:3,(anonymous_15)
FNDA:2,(anonymous_16)
FNDA:3,(anonymous_17)
FNDA:5,(anonymous_18)
FNDA:1,(anonymous_19)
FNDA:1,(anonymous_20)
FNDA:1,(anonymous_21)
DA:47,1
DA:56,1
DA:63,1
DA:64,1
DA:70,26
DA:71,26
DA:72,26
DA:73,26
DA:80,6
DA:98,18
DA:102,27
DA:103,27
DA:105,27
DA:106,25
DA:107,2
DA:108,1
DA:109,1
DA:110,0
DA:111,1
DA:112,0
DA:113,1
DA:114,0
DA:116,1
DA:118,27
DA:122,35
DA:123,4
DA:126,4
DA:127,1
DA:129,1
DA:130,2
DA:131,1
DA:132,1
DA:133,1
DA:139,4
DA:140,4
DA:141,0
DA:142,4
DA:143,0
DA:145,4
DA:149,4
DA:156,31
DA:164,31
DA:165,3
DA:169,31
DA:170,23
DA:173,31
DA:181,0
DA:182,0
DA:183,0
DA:185,0
DA:189,27
DA:190,8
DA:192,19
DA:199,28
DA:200,1
DA:205,27
DA:206,27
DA:207,27
DA:208,27
DA:209,27
DA:211,27
DA:212,345
DA:215,27
DA:229,27
DA:230,3
DA:233,3
DA:234,3
DA:237,24
DA:244,18
DA:253,8
DA:254,8
DA:256,8
DA:257,6
DA:258,6
DA:259,6
DA:263,8
DA:271,3
DA:279,2
DA:287,3
DA:295,5
DA:303,1
DA:311,1
DA:319,1
DA:324,1
LF:84
LH:75
BRDA:71,0,0,26
BRDA:71,0,1,22
BRDA:72,1,0,26
BRDA:72,1,1,14
BRDA:103,2,0,27
BRDA:103,2,1,0
BRDA:105,3,0,25
BRDA:105,3,1,2
BRDA:105,4,0,27
BRDA:105,4,1,27
BRDA:107,5,0,1
BRDA:107,5,1,1
BRDA:107,6,0,2
BRDA:107,6,1,2
BRDA:109,7,0,0
BRDA:109,7,1,1
BRDA:109,8,0,1
BRDA:109,8,1,1
BRDA:111,9,0,0
BRDA:111,9,1,1
BRDA:111,10,0,1
BRDA:111,10,1,1
BRDA:113,11,0,0
BRDA:113,11,1,1
BRDA:113,12,0,1
BRDA:113,12,1,1
BRDA:122,13,0,4
BRDA:126,14,0,1
BRDA:130,15,0,1
BRDA:130,15,1,1
BRDA:132,16,0,1
BRDA:139,17,0,4
BRDA:140,18,0,0
BRDA:140,18,1,4
BRDA:142,19,0,0
BRDA:142,19,1,4
BRDA:158,20,0,0
BRDA:158,20,1,31
BRDA:160,21,0,31
BRDA:160,21,1,22
BRDA:165,22,0,3
BRDA:169,23,0,23
BRDA:189,24,0,8
BRDA:189,25,0,27
BRDA:189,25,1,10
BRDA:199,26,0,1
BRDA:223,27,0,27
BRDA:223,27,1,0
BRDA:229,28,0,3
BRDA:256,29,0,6
BRDA:258,30,0,6
BRF:51
BRH:43
end_of_record
